
R version 3.3.1 (2016-06-21) -- "Bug in Your Hair"
Copyright (C) 2016 The R Foundation for Statistical Computing
Platform: x86_64-apple-darwin13.4.0 (64-bit)

R is free software and comes with ABSOLUTELY NO WARRANTY.
You are welcome to redistribute it under certain conditions.
Type 'license()' or 'licence()' for distribution details.

  Natural language support but running in an English locale

R is a collaborative project with many contributors.
Type 'contributors()' for more information and
'citation()' on how to cite R or R packages in publications.

Type 'demo()' for some demos, 'help()' for on-line help, or
'help.start()' for an HTML browser interface to help.
Type 'q()' to quit R.

> 
> 
> #R CMD BATCH --no-save --no-restore '--args ./real_DTI_data.Rdata 6' ./runAllCode_real.R ./run_real_14206_100.log
> 
> rm(list=ls(all=TRUE))
> args <- commandArgs(TRUE)
> source("finiteMixtureML.R")
> set.seed(72357)
> 
> #L = generate_simulated_data_ML(N=300)
> load(args[[1]])
> n_clust_to_run = as.numeric(args[[2]])
> 
> #for(i in n_clust_to_run){
>   
>   nClust = n_clust_to_run
> 
>   #true_nClust = strsplit(args[[1]],"[_.]")[[1]][4]
>   data_id = 26094
>  
>   ##data,nc,max_iter=2,run_id=1 
>   MCMC_sample = finiteMixtureML(data=real_DTI_data,nClust,max_iter=2,run_id=as.numeric(data_id))
[1] "Wed Nov  2 23:19:52 2016"
Loading required package: Matrix

Attaching package: ‘expm’

The following object is masked from ‘package:Matrix’:

    expm

